[00:00:15] [Server thread/INFO]: CONSOLE: Are you sure you wish to reload your server? Doing so may cause bugs and memory leaks. It is recommended to restart instead of using /reload. To confirm, please type /reload confirm
[00:00:18] [Server thread/INFO]: CONSOLE: Please note that this command is not supported and may cause issues when using some plugins.
[00:00:18] [Server thread/INFO]: CONSOLE: If you encounter any issues please use the /stop command to restart your server.
[00:00:18] [Server thread/INFO]: Server Ping Player Sample Count: 12
[00:00:18] [Server thread/INFO]: Using 4 threads for Netty based IO
[00:00:18] [Server thread/INFO]: [MoonriseCommon] Paper is using 1 worker threads, 1 I/O threads
[00:00:18] [Server thread/INFO]: [ChunkTaskScheduler] Chunk system is using population gen parallelism: true
[00:00:18] [Server thread/INFO]: [MensajeYVida1.16] Disabling MensajeYVida1.16 v1.0
[00:00:18] [Server thread/INFO]: [ReviveMe] Disabling ReviveMe v0.4.4
[00:00:18] [Server thread/INFO]: ReviveMe disable
[00:00:18] [Server thread/INFO]: Loaded 1370 recipes
[00:00:18] [Server thread/INFO]: Loaded 1481 advancements
[00:00:18] [Server thread/INFO]: [PluginInitializerManager] Initializing plugins...
[00:00:18] [Server thread/INFO]: [PluginInitializerManager] Initialized 3 plugins
[00:00:18] [Server thread/INFO]: [PluginInitializerManager] Bukkit plugins (3):
 - Graves (4.9), MensajeYVida1.16 (1.0), ReviveMe (0.4.4)
[00:00:18] [Server thread/INFO]: [ReviveMe] Loading server plugin ReviveMe v0.4.4
[00:00:18] [Server thread/INFO]: [Graves] Loading server plugin Graves v4.9
[00:00:19] [Server thread/INFO]: [MensajeYVida1.16] Loading server plugin MensajeYVida1.16 v1.0
[00:00:19] [Server thread/INFO]: Server permissions file permissions.yml is empty, ignoring it
[00:00:19] [Server thread/INFO]: [ReviveMe] Enabling ReviveMe v0.4.4
[00:00:19] [Server thread/INFO]: ReviveMe enable
[00:00:19] [Server thread/INFO]: [Graves] Enabling Graves v4.9
[00:00:19] [Server thread/INFO]: [Graves] Integration: Hooked into MiniMessage.
[00:00:19] [Server thread/ERROR]: Error occurred while enabling Graves v4.9 (Is it up to date?)
java.lang.ArrayIndexOutOfBoundsException: Index 3 out of bounds for length 3
	at Graves-4.9.jar/com.ranull.graves.manager.VersionManager.<init>(VersionManager.java:23) ~[Graves-4.9.jar:?]
	at Graves-4.9.jar/com.ranull.graves.Graves.onEnable(Graves.java:66) ~[Graves-4.9.jar:?]
	at org.bukkit.plugin.java.JavaPlugin.setEnabled(JavaPlugin.java:280) ~[paper-api-1.21.4-R0.1-SNAPSHOT.jar:?]
	at io.papermc.paper.plugin.manager.PaperPluginInstanceManager.enablePlugin(PaperPluginInstanceManager.java:202) ~[paper-1.21.4.jar:1.21.4-231-09e9afd]
	at io.papermc.paper.plugin.manager.PaperPluginManagerImpl.enablePlugin(PaperPluginManagerImpl.java:109) ~[paper-1.21.4.jar:1.21.4-231-09e9afd]
	at org.bukkit.plugin.SimplePluginManager.enablePlugin(SimplePluginManager.java:520) ~[paper-api-1.21.4-R0.1-SNAPSHOT.jar:?]
	at org.bukkit.craftbukkit.CraftServer.enablePlugin(CraftServer.java:658) ~[paper-1.21.4.jar:1.21.4-231-09e9afd]
	at org.bukkit.craftbukkit.CraftServer.enablePlugins(CraftServer.java:607) ~[paper-1.21.4.jar:1.21.4-231-09e9afd]
	at org.bukkit.craftbukkit.CraftServer.reload(CraftServer.java:1151) ~[paper-1.21.4.jar:1.21.4-231-09e9afd]
	at org.bukkit.Bukkit.reload(Bukkit.java:1038) ~[paper-api-1.21.4-R0.1-SNAPSHOT.jar:?]
	at org.bukkit.command.defaults.ReloadCommand.execute(ReloadCommand.java:59) ~[paper-api-1.21.4-R0.1-SNAPSHOT.jar:?]
	at org.bukkit.command.SimpleCommandMap.dispatch(SimpleCommandMap.java:165) ~[paper-api-1.21.4-R0.1-SNAPSHOT.jar:?]
	at org.bukkit.craftbukkit.CraftServer.dispatchCommand(CraftServer.java:1018) ~[paper-1.21.4.jar:1.21.4-231-09e9afd]
	at org.bukkit.craftbukkit.CraftServer.dispatchServerCommand(CraftServer.java:1003) ~[paper-1.21.4.jar:1.21.4-231-09e9afd]
	at net.minecraft.server.dedicated.DedicatedServer.handleConsoleInputs(DedicatedServer.java:478) ~[paper-1.21.4.jar:1.21.4-231-09e9afd]
	at net.minecraft.server.dedicated.DedicatedServer.tickConnection(DedicatedServer.java:428) ~[paper-1.21.4.jar:1.21.4-231-09e9afd]
	at net.minecraft.server.MinecraftServer.tickChildren(MinecraftServer.java:1738) ~[paper-1.21.4.jar:1.21.4-231-09e9afd]
	at net.minecraft.server.MinecraftServer.tickServer(MinecraftServer.java:1529) ~[paper-1.21.4.jar:1.21.4-231-09e9afd]
	at net.minecraft.server.MinecraftServer.runServer(MinecraftServer.java:1251) ~[paper-1.21.4.jar:1.21.4-231-09e9afd]
	at net.minecraft.server.MinecraftServer.lambda$spin$2(MinecraftServer.java:310) ~[paper-1.21.4.jar:1.21.4-231-09e9afd]
	at java.base/java.lang.Thread.run(Thread.java:1583) ~[?:?]
[00:00:19] [Server thread/INFO]: [Graves] Disabling Graves v4.9
[00:00:19] [Server thread/ERROR]: Error occurred while disabling Graves v4.9
java.lang.NullPointerException: Cannot invoke "com.ranull.graves.manager.DataManager.closeConnection()" because "this.dataManager" is null
	at Graves-4.9.jar/com.ranull.graves.Graves.onDisable(Graves.java:95) ~[Graves-4.9.jar:?]
	at org.bukkit.plugin.java.JavaPlugin.setEnabled(JavaPlugin.java:286) ~[paper-api-1.21.4-R0.1-SNAPSHOT.jar:?]
	at io.papermc.paper.plugin.manager.PaperPluginInstanceManager.disablePlugin(PaperPluginInstanceManager.java:237) ~[paper-1.21.4.jar:1.21.4-231-09e9afd]
	at io.papermc.paper.plugin.manager.PaperPluginManagerImpl.disablePlugin(PaperPluginManagerImpl.java:114) ~[paper-1.21.4.jar:1.21.4-231-09e9afd]
	at org.bukkit.plugin.SimplePluginManager.disablePlugin(SimplePluginManager.java:550) ~[paper-api-1.21.4-R0.1-SNAPSHOT.jar:?]
	at io.papermc.paper.plugin.manager.PaperPluginInstanceManager.enablePlugin(PaperPluginInstanceManager.java:206) ~[paper-1.21.4.jar:1.21.4-231-09e9afd]
	at io.papermc.paper.plugin.manager.PaperPluginManagerImpl.enablePlugin(PaperPluginManagerImpl.java:109) ~[paper-1.21.4.jar:1.21.4-231-09e9afd]
	at org.bukkit.plugin.SimplePluginManager.enablePlugin(SimplePluginManager.java:520) ~[paper-api-1.21.4-R0.1-SNAPSHOT.jar:?]
	at org.bukkit.craftbukkit.CraftServer.enablePlugin(CraftServer.java:658) ~[paper-1.21.4.jar:1.21.4-231-09e9afd]
	at org.bukkit.craftbukkit.CraftServer.enablePlugins(CraftServer.java:607) ~[paper-1.21.4.jar:1.21.4-231-09e9afd]
	at org.bukkit.craftbukkit.CraftServer.reload(CraftServer.java:1151) ~[paper-1.21.4.jar:1.21.4-231-09e9afd]
	at org.bukkit.Bukkit.reload(Bukkit.java:1038) ~[paper-api-1.21.4-R0.1-SNAPSHOT.jar:?]
	at org.bukkit.command.defaults.ReloadCommand.execute(ReloadCommand.java:59) ~[paper-api-1.21.4-R0.1-SNAPSHOT.jar:?]
	at org.bukkit.command.SimpleCommandMap.dispatch(SimpleCommandMap.java:165) ~[paper-api-1.21.4-R0.1-SNAPSHOT.jar:?]
	at org.bukkit.craftbukkit.CraftServer.dispatchCommand(CraftServer.java:1018) ~[paper-1.21.4.jar:1.21.4-231-09e9afd]
	at org.bukkit.craftbukkit.CraftServer.dispatchServerCommand(CraftServer.java:1003) ~[paper-1.21.4.jar:1.21.4-231-09e9afd]
	at net.minecraft.server.dedicated.DedicatedServer.handleConsoleInputs(DedicatedServer.java:478) ~[paper-1.21.4.jar:1.21.4-231-09e9afd]
	at net.minecraft.server.dedicated.DedicatedServer.tickConnection(DedicatedServer.java:428) ~[paper-1.21.4.jar:1.21.4-231-09e9afd]
	at net.minecraft.server.MinecraftServer.tickChildren(MinecraftServer.java:1738) ~[paper-1.21.4.jar:1.21.4-231-09e9afd]
	at net.minecraft.server.MinecraftServer.tickServer(MinecraftServer.java:1529) ~[paper-1.21.4.jar:1.21.4-231-09e9afd]
	at net.minecraft.server.MinecraftServer.runServer(MinecraftServer.java:1251) ~[paper-1.21.4.jar:1.21.4-231-09e9afd]
	at net.minecraft.server.MinecraftServer.lambda$spin$2(MinecraftServer.java:310) ~[paper-1.21.4.jar:1.21.4-231-09e9afd]
	at java.base/java.lang.Thread.run(Thread.java:1583) ~[?:?]
[00:00:19] [Server thread/INFO]: [MensajeYVida1.16] Enabling MensajeYVida1.16 v1.0
[00:00:19] [Server thread/INFO]: CONSOLE: Reload complete.
[00:00:19] [Craft Scheduler Thread - 5 - ReviveMe/INFO]: [ReviveMe] There is not a new update available.
[00:00:25] [Server thread/INFO]: DudMat died
[00:00:48] [Server thread/INFO]: DudMat issued server command: /gamerule showDeathMessages false
[00:00:48] [Server thread/INFO]: [DudMat: Gamerule showDeathMessages is now set to: false]
[00:01:02] [Server thread/INFO]: DudMat issued server command: /reload
[00:01:02] [Server thread/INFO]: DudMat: Are you sure you wish to reload your server? Doing so may cause bugs and memory leaks. It is recommended to restart instead of using /reload. To confirm, please type /reload confirm
[00:01:05] [Async Chat Thread - #0/INFO]: [Not Secure] <DudMat> reload confirm
[00:01:08] [Server thread/INFO]: DudMat issued server command: /reload confirm
[00:01:08] [Server thread/INFO]: DudMat: Please note that this command is not supported and may cause issues when using some plugins.
[00:01:08] [Server thread/INFO]: DudMat: If you encounter any issues please use the /stop command to restart your server.
[00:01:08] [Server thread/INFO]: Server Ping Player Sample Count: 12
[00:01:08] [Server thread/INFO]: Using 4 threads for Netty based IO
[00:01:08] [Server thread/INFO]: [MoonriseCommon] Paper is using 1 worker threads, 1 I/O threads
[00:01:08] [Server thread/INFO]: [ChunkTaskScheduler] Chunk system is using population gen parallelism: true
[00:01:08] [Server thread/INFO]: [MensajeYVida1.16] Disabling MensajeYVida1.16 v1.0
[00:01:08] [Server thread/INFO]: [ReviveMe] Disabling ReviveMe v0.4.4
[00:01:08] [Server thread/INFO]: ReviveMe disable
[00:01:09] [Server thread/INFO]: Loaded 1370 recipes
[00:01:09] [Server thread/INFO]: Loaded 1481 advancements
[00:01:09] [Paper Async Command Builder Thread Pool - 2/ERROR]: Caught previously unhandled exception :
[00:01:09] [Server thread/INFO]: [PluginInitializerManager] Initializing plugins...
[00:01:09] [Paper Async Command Builder Thread Pool - 2/ERROR]: Paper Async Command Builder Thread Pool - 2
java.util.ConcurrentModificationException: null
	at java.base/java.util.LinkedHashMap$LinkedHashIterator.nextNode(LinkedHashMap.java:1023) ~[?:?]
	at java.base/java.util.LinkedHashMap$LinkedEntryIterator.next(LinkedHashMap.java:1058) ~[?:?]
	at java.base/java.util.LinkedHashMap$LinkedEntryIterator.next(LinkedHashMap.java:1055) ~[?:?]
	at java.base/java.util.AbstractMap.hashCode(AbstractMap.java:527) ~[?:?]
	at com.mojang.brigadier.tree.CommandNode.hashCode(CommandNode.java:155) ~[paper-1.21.4.jar:1.21.4-231-09e9afd]
	at java.base/java.util.HashMap.hash(HashMap.java:338) ~[?:?]
	at java.base/java.util.HashMap.put(HashMap.java:618) ~[?:?]
	at net.minecraft.commands.Commands.sendAsync(Commands.java:489) ~[paper-1.21.4.jar:1.21.4-231-09e9afd]
	at net.minecraft.commands.Commands.lambda$sendCommands$6(Commands.java:471) ~[paper-1.21.4.jar:1.21.4-231-09e9afd]
	at java.base/java.util.concurrent.ThreadPoolExecutor.runWorker(ThreadPoolExecutor.java:1144) ~[?:?]
	at java.base/java.util.concurrent.ThreadPoolExecutor$Worker.run(ThreadPoolExecutor.java:642) ~[?:?]
	at java.base/java.lang.Thread.run(Thread.java:1583) ~[?:?]
[00:01:09] [Server thread/INFO]: [PluginInitializerManager] Initialized 3 plugins
[00:01:09] [Server thread/INFO]: [PluginInitializerManager] Bukkit plugins (3):
 - Graves (4.9), MensajeYVida1.16 (1.0), ReviveMe (0.4.4)
[00:01:09] [Server thread/INFO]: [ReviveMe] Loading server plugin ReviveMe v0.4.4
[00:01:09] [Server thread/INFO]: [Graves] Loading server plugin Graves v4.9
[00:01:09] [Server thread/INFO]: [MensajeYVida1.16] Loading server plugin MensajeYVida1.16 v1.0
[00:01:09] [Server thread/INFO]: Server permissions file permissions.yml is empty, ignoring it
[00:01:09] [Server thread/INFO]: [ReviveMe] Enabling ReviveMe v0.4.4
[00:01:09] [Server thread/INFO]: ReviveMe enable
[00:01:09] [Server thread/INFO]: [Graves] Enabling Graves v4.9
[00:01:09] [Server thread/INFO]: [Graves] Integration: Hooked into MiniMessage.
[00:01:09] [Server thread/ERROR]: Error occurred while enabling Graves v4.9 (Is it up to date?)
java.lang.ArrayIndexOutOfBoundsException: Index 3 out of bounds for length 3
	at Graves-4.9.jar/com.ranull.graves.manager.VersionManager.<init>(VersionManager.java:23) ~[Graves-4.9.jar:?]
	at Graves-4.9.jar/com.ranull.graves.Graves.onEnable(Graves.java:66) ~[Graves-4.9.jar:?]
	at org.bukkit.plugin.java.JavaPlugin.setEnabled(JavaPlugin.java:280) ~[paper-api-1.21.4-R0.1-SNAPSHOT.jar:?]
	at io.papermc.paper.plugin.manager.PaperPluginInstanceManager.enablePlugin(PaperPluginInstanceManager.java:202) ~[paper-1.21.4.jar:1.21.4-231-09e9afd]
	at io.papermc.paper.plugin.manager.PaperPluginManagerImpl.enablePlugin(PaperPluginManagerImpl.java:109) ~[paper-1.21.4.jar:1.21.4-231-09e9afd]
	at org.bukkit.plugin.SimplePluginManager.enablePlugin(SimplePluginManager.java:520) ~[paper-api-1.21.4-R0.1-SNAPSHOT.jar:?]
	at org.bukkit.craftbukkit.CraftServer.enablePlugin(CraftServer.java:658) ~[paper-1.21.4.jar:1.21.4-231-09e9afd]
	at org.bukkit.craftbukkit.CraftServer.enablePlugins(CraftServer.java:607) ~[paper-1.21.4.jar:1.21.4-231-09e9afd]
	at org.bukkit.craftbukkit.CraftServer.reload(CraftServer.java:1151) ~[paper-1.21.4.jar:1.21.4-231-09e9afd]
	at org.bukkit.Bukkit.reload(Bukkit.java:1038) ~[paper-api-1.21.4-R0.1-SNAPSHOT.jar:?]
	at org.bukkit.command.defaults.ReloadCommand.execute(ReloadCommand.java:59) ~[paper-api-1.21.4-R0.1-SNAPSHOT.jar:?]
	at io.papermc.paper.command.brigadier.bukkit.BukkitCommandNode$BukkitBrigCommand.run(BukkitCommandNode.java:82) ~[paper-1.21.4.jar:1.21.4-231-09e9afd]
	at com.mojang.brigadier.context.ContextChain.runExecutable(ContextChain.java:73) ~[brigadier-1.3.10.jar:?]
	at net.minecraft.commands.execution.tasks.ExecuteCommand.execute(ExecuteCommand.java:30) ~[paper-1.21.4.jar:1.21.4-231-09e9afd]
	at net.minecraft.commands.execution.tasks.ExecuteCommand.execute(ExecuteCommand.java:13) ~[paper-1.21.4.jar:1.21.4-231-09e9afd]
	at net.minecraft.commands.execution.UnboundEntryAction.lambda$bind$0(UnboundEntryAction.java:8) ~[paper-1.21.4.jar:1.21.4-231-09e9afd]
	at net.minecraft.commands.execution.CommandQueueEntry.execute(CommandQueueEntry.java:5) ~[paper-1.21.4.jar:1.21.4-231-09e9afd]
	at net.minecraft.commands.execution.ExecutionContext.runCommandQueue(ExecutionContext.java:105) ~[paper-1.21.4.jar:1.21.4-231-09e9afd]
	at net.minecraft.commands.Commands.executeCommandInContext(Commands.java:450) ~[paper-1.21.4.jar:1.21.4-231-09e9afd]
	at net.minecraft.commands.Commands.performCommand(Commands.java:357) ~[paper-1.21.4.jar:1.21.4-231-09e9afd]
	at net.minecraft.commands.Commands.performCommand(Commands.java:347) ~[paper-1.21.4.jar:1.21.4-231-09e9afd]
	at net.minecraft.commands.Commands.performCommand(Commands.java:341) ~[paper-1.21.4.jar:1.21.4-231-09e9afd]
	at net.minecraft.server.network.ServerGamePacketListenerImpl.performUnsignedChatCommand(ServerGamePacketListenerImpl.java:2215) ~[paper-1.21.4.jar:1.21.4-231-09e9afd]
	at net.minecraft.server.network.ServerGamePacketListenerImpl.lambda$handleChatCommand$11(ServerGamePacketListenerImpl.java:2188) ~[paper-1.21.4.jar:1.21.4-231-09e9afd]
	at net.minecraft.server.TickTask.run(TickTask.java:18) ~[paper-1.21.4.jar:1.21.4-231-09e9afd]
	at net.minecraft.util.thread.BlockableEventLoop.doRunTask(BlockableEventLoop.java:155) ~[paper-1.21.4.jar:1.21.4-231-09e9afd]
	at net.minecraft.util.thread.ReentrantBlockableEventLoop.doRunTask(ReentrantBlockableEventLoop.java:24) ~[paper-1.21.4.jar:1.21.4-231-09e9afd]
	at net.minecraft.server.MinecraftServer.doRunTask(MinecraftServer.java:1448) ~[paper-1.21.4.jar:1.21.4-231-09e9afd]
	at net.minecraft.server.MinecraftServer.doRunTask(MinecraftServer.java:176) ~[paper-1.21.4.jar:1.21.4-231-09e9afd]
	at net.minecraft.util.thread.BlockableEventLoop.pollTask(BlockableEventLoop.java:129) ~[paper-1.21.4.jar:1.21.4-231-09e9afd]
	at net.minecraft.server.MinecraftServer.pollTaskInternal(MinecraftServer.java:1428) ~[paper-1.21.4.jar:1.21.4-231-09e9afd]
	at net.minecraft.server.MinecraftServer.pollTask(MinecraftServer.java:1422) ~[paper-1.21.4.jar:1.21.4-231-09e9afd]
	at net.minecraft.util.thread.BlockableEventLoop.managedBlock(BlockableEventLoop.java:139) ~[paper-1.21.4.jar:1.21.4-231-09e9afd]
	at net.minecraft.server.MinecraftServer.managedBlock(MinecraftServer.java:1379) ~[paper-1.21.4.jar:1.21.4-231-09e9afd]
	at net.minecraft.server.MinecraftServer.waitUntilNextTick(MinecraftServer.java:1387) ~[paper-1.21.4.jar:1.21.4-231-09e9afd]
	at net.minecraft.server.MinecraftServer.runServer(MinecraftServer.java:1264) ~[paper-1.21.4.jar:1.21.4-231-09e9afd]
	at net.minecraft.server.MinecraftServer.lambda$spin$2(MinecraftServer.java:310) ~[paper-1.21.4.jar:1.21.4-231-09e9afd]
	at java.base/java.lang.Thread.run(Thread.java:1583) ~[?:?]
[00:01:09] [Server thread/INFO]: [Graves] Disabling Graves v4.9
[00:01:09] [Server thread/ERROR]: Error occurred while disabling Graves v4.9
java.lang.NullPointerException: Cannot invoke "com.ranull.graves.manager.DataManager.closeConnection()" because "this.dataManager" is null
	at Graves-4.9.jar/com.ranull.graves.Graves.onDisable(Graves.java:95) ~[Graves-4.9.jar:?]
	at org.bukkit.plugin.java.JavaPlugin.setEnabled(JavaPlugin.java:286) ~[paper-api-1.21.4-R0.1-SNAPSHOT.jar:?]
	at io.papermc.paper.plugin.manager.PaperPluginInstanceManager.disablePlugin(PaperPluginInstanceManager.java:237) ~[paper-1.21.4.jar:1.21.4-231-09e9afd]
	at io.papermc.paper.plugin.manager.PaperPluginManagerImpl.disablePlugin(PaperPluginManagerImpl.java:114) ~[paper-1.21.4.jar:1.21.4-231-09e9afd]
	at org.bukkit.plugin.SimplePluginManager.disablePlugin(SimplePluginManager.java:550) ~[paper-api-1.21.4-R0.1-SNAPSHOT.jar:?]
	at io.papermc.paper.plugin.manager.PaperPluginInstanceManager.enablePlugin(PaperPluginInstanceManager.java:206) ~[paper-1.21.4.jar:1.21.4-231-09e9afd]
	at io.papermc.paper.plugin.manager.PaperPluginManagerImpl.enablePlugin(PaperPluginManagerImpl.java:109) ~[paper-1.21.4.jar:1.21.4-231-09e9afd]
	at org.bukkit.plugin.SimplePluginManager.enablePlugin(SimplePluginManager.java:520) ~[paper-api-1.21.4-R0.1-SNAPSHOT.jar:?]
	at org.bukkit.craftbukkit.CraftServer.enablePlugin(CraftServer.java:658) ~[paper-1.21.4.jar:1.21.4-231-09e9afd]
	at org.bukkit.craftbukkit.CraftServer.enablePlugins(CraftServer.java:607) ~[paper-1.21.4.jar:1.21.4-231-09e9afd]
	at org.bukkit.craftbukkit.CraftServer.reload(CraftServer.java:1151) ~[paper-1.21.4.jar:1.21.4-231-09e9afd]
	at org.bukkit.Bukkit.reload(Bukkit.java:1038) ~[paper-api-1.21.4-R0.1-SNAPSHOT.jar:?]
	at org.bukkit.command.defaults.ReloadCommand.execute(ReloadCommand.java:59) ~[paper-api-1.21.4-R0.1-SNAPSHOT.jar:?]
	at io.papermc.paper.command.brigadier.bukkit.BukkitCommandNode$BukkitBrigCommand.run(BukkitCommandNode.java:82) ~[paper-1.21.4.jar:1.21.4-231-09e9afd]
	at com.mojang.brigadier.context.ContextChain.runExecutable(ContextChain.java:73) ~[brigadier-1.3.10.jar:?]
	at net.minecraft.commands.execution.tasks.ExecuteCommand.execute(ExecuteCommand.java:30) ~[paper-1.21.4.jar:1.21.4-231-09e9afd]
	at net.minecraft.commands.execution.tasks.ExecuteCommand.execute(ExecuteCommand.java:13) ~[paper-1.21.4.jar:1.21.4-231-09e9afd]
	at net.minecraft.commands.execution.UnboundEntryAction.lambda$bind$0(UnboundEntryAction.java:8) ~[paper-1.21.4.jar:1.21.4-231-09e9afd]
	at net.minecraft.commands.execution.CommandQueueEntry.execute(CommandQueueEntry.java:5) ~[paper-1.21.4.jar:1.21.4-231-09e9afd]
	at net.minecraft.commands.execution.ExecutionContext.runCommandQueue(ExecutionContext.java:105) ~[paper-1.21.4.jar:1.21.4-231-09e9afd]
	at net.minecraft.commands.Commands.executeCommandInContext(Commands.java:450) ~[paper-1.21.4.jar:1.21.4-231-09e9afd]
	at net.minecraft.commands.Commands.performCommand(Commands.java:357) ~[paper-1.21.4.jar:1.21.4-231-09e9afd]
	at net.minecraft.commands.Commands.performCommand(Commands.java:347) ~[paper-1.21.4.jar:1.21.4-231-09e9afd]
	at net.minecraft.commands.Commands.performCommand(Commands.java:341) ~[paper-1.21.4.jar:1.21.4-231-09e9afd]
	at net.minecraft.server.network.ServerGamePacketListenerImpl.performUnsignedChatCommand(ServerGamePacketListenerImpl.java:2215) ~[paper-1.21.4.jar:1.21.4-231-09e9afd]
	at net.minecraft.server.network.ServerGamePacketListenerImpl.lambda$handleChatCommand$11(ServerGamePacketListenerImpl.java:2188) ~[paper-1.21.4.jar:1.21.4-231-09e9afd]
	at net.minecraft.server.TickTask.run(TickTask.java:18) ~[paper-1.21.4.jar:1.21.4-231-09e9afd]
	at net.minecraft.util.thread.BlockableEventLoop.doRunTask(BlockableEventLoop.java:155) ~[paper-1.21.4.jar:1.21.4-231-09e9afd]
	at net.minecraft.util.thread.ReentrantBlockableEventLoop.doRunTask(ReentrantBlockableEventLoop.java:24) ~[paper-1.21.4.jar:1.21.4-231-09e9afd]
	at net.minecraft.server.MinecraftServer.doRunTask(MinecraftServer.java:1448) ~[paper-1.21.4.jar:1.21.4-231-09e9afd]
	at net.minecraft.server.MinecraftServer.doRunTask(MinecraftServer.java:176) ~[paper-1.21.4.jar:1.21.4-231-09e9afd]
	at net.minecraft.util.thread.BlockableEventLoop.pollTask(BlockableEventLoop.java:129) ~[paper-1.21.4.jar:1.21.4-231-09e9afd]
	at net.minecraft.server.MinecraftServer.pollTaskInternal(MinecraftServer.java:1428) ~[paper-1.21.4.jar:1.21.4-231-09e9afd]
	at net.minecraft.server.MinecraftServer.pollTask(MinecraftServer.java:1422) ~[paper-1.21.4.jar:1.21.4-231-09e9afd]
	at net.minecraft.util.thread.BlockableEventLoop.managedBlock(BlockableEventLoop.java:139) ~[paper-1.21.4.jar:1.21.4-231-09e9afd]
	at net.minecraft.server.MinecraftServer.managedBlock(MinecraftServer.java:1379) ~[paper-1.21.4.jar:1.21.4-231-09e9afd]
	at net.minecraft.server.MinecraftServer.waitUntilNextTick(MinecraftServer.java:1387) ~[paper-1.21.4.jar:1.21.4-231-09e9afd]
	at net.minecraft.server.MinecraftServer.runServer(MinecraftServer.java:1264) ~[paper-1.21.4.jar:1.21.4-231-09e9afd]
	at net.minecraft.server.MinecraftServer.lambda$spin$2(MinecraftServer.java:310) ~[paper-1.21.4.jar:1.21.4-231-09e9afd]
	at java.base/java.lang.Thread.run(Thread.java:1583) ~[?:?]
[00:01:09] [Server thread/INFO]: [MensajeYVida1.16] Enabling MensajeYVida1.16 v1.0
[00:01:09] [Server thread/INFO]: DudMat: Reload complete.
[00:01:09] [Craft Scheduler Thread - 6 - ReviveMe/INFO]: [ReviveMe] There is not a new update available.
[00:01:16] [Server thread/WARN]: DudMat moved wrongly!
[00:01:26] [Server thread/INFO]: DudMat issued server command: /gamemode creative
[00:01:26] [Server thread/INFO]: [DudMat: Set own game mode to Creative Mode]
[00:01:33] [Server thread/INFO]: DudMat issued server command: /gamemode survival
[00:01:33] [Server thread/INFO]: [DudMat: Set own game mode to Survival Mode]
[00:01:35] [Server thread/INFO]: DudMat issued server command: /gamemode creative
[00:01:35] [Server thread/INFO]: [DudMat: Set own game mode to Creative Mode]
[00:01:40] [Server thread/WARN]: DudMat moved wrongly!
[00:01:47] [Server thread/INFO]: DudMat issued server command: /gamemode creative
[00:01:47] [Server thread/INFO]: [DudMat: Set own game mode to Creative Mode]
[00:02:05] [Server thread/INFO]: DudMat issued server command: /gamemode creative
[00:02:05] [Server thread/INFO]: [DudMat: Set own game mode to Creative Mode]
[00:04:28] [Server thread/INFO]: DudMat issued server command: /gamerule doImmediateRespawn true
[00:04:28] [Server thread/INFO]: [DudMat: Gamerule doImmediateRespawn is now set to: true]
[00:05:47] [Server thread/INFO]: CONSOLE: Are you sure you wish to reload your server? Doing so may cause bugs and memory leaks. It is recommended to restart instead of using /reload. To confirm, please type /reload confirm
[00:05:50] [Server thread/INFO]: CONSOLE: Please note that this command is not supported and may cause issues when using some plugins.
[00:05:50] [Server thread/INFO]: CONSOLE: If you encounter any issues please use the /stop command to restart your server.
[00:05:50] [Server thread/INFO]: Server Ping Player Sample Count: 12
[00:05:50] [Server thread/INFO]: Using 4 threads for Netty based IO
[00:05:50] [Server thread/INFO]: [MoonriseCommon] Paper is using 1 worker threads, 1 I/O threads
[00:05:50] [Server thread/INFO]: [ChunkTaskScheduler] Chunk system is using population gen parallelism: true
[00:05:50] [Server thread/INFO]: [MensajeYVida1.16] Disabling MensajeYVida1.16 v1.0
[00:05:50] [Server thread/INFO]: [ReviveMe] Disabling ReviveMe v0.4.4
[00:05:50] [Server thread/INFO]: ReviveMe disable
[00:05:50] [Server thread/INFO]: Loaded 1370 recipes
[00:05:50] [Server thread/INFO]: Loaded 1481 advancements
[00:05:50] [Server thread/INFO]: [PluginInitializerManager] Initializing plugins...
[00:05:50] [Paper Plugin Remapper Thread - 2/INFO]: [PluginRemapper] Remapping plugin 'plugins/ConditionalEvents.jar'...
[00:05:50] [Paper Plugin Remapper Thread - 2/INFO]: [PluginRemapper] Done remapping plugin 'plugins/ConditionalEvents.jar' in 315ms.
[00:05:50] [Server thread/INFO]: [PluginInitializerManager] Initialized 4 plugins
[00:05:50] [Server thread/INFO]: [PluginInitializerManager] Bukkit plugins (4):
 - ConditionalEvents (4.62.2), Graves (4.9), MensajeYVida1.16 (1.0), ReviveMe (0.4.4)
[00:05:51] [Server thread/INFO]: [ReviveMe] Loading server plugin ReviveMe v0.4.4
[00:05:51] [Server thread/INFO]: [Graves] Loading server plugin Graves v4.9
[00:05:51] [Server thread/INFO]: [ConditionalEvents] Loading server plugin ConditionalEvents v4.62.2
[00:05:51] [Server thread/INFO]: [MensajeYVida1.16] Loading server plugin MensajeYVida1.16 v1.0
[00:05:51] [Server thread/INFO]: Server permissions file permissions.yml is empty, ignoring it
[00:05:51] [Server thread/INFO]: [ReviveMe] Enabling ReviveMe v0.4.4
[00:05:51] [Server thread/INFO]: ReviveMe enable
[00:05:51] [Server thread/INFO]: [Graves] Enabling Graves v4.9
[00:05:51] [Server thread/INFO]: [Graves] Integration: Hooked into MiniMessage.
[00:05:51] [Server thread/ERROR]: Error occurred while enabling Graves v4.9 (Is it up to date?)
java.lang.ArrayIndexOutOfBoundsException: Index 3 out of bounds for length 3
	at Graves-4.9.jar/com.ranull.graves.manager.VersionManager.<init>(VersionManager.java:23) ~[Graves-4.9.jar:?]
	at Graves-4.9.jar/com.ranull.graves.Graves.onEnable(Graves.java:66) ~[Graves-4.9.jar:?]
	at org.bukkit.plugin.java.JavaPlugin.setEnabled(JavaPlugin.java:280) ~[paper-api-1.21.4-R0.1-SNAPSHOT.jar:?]
	at io.papermc.paper.plugin.manager.PaperPluginInstanceManager.enablePlugin(PaperPluginInstanceManager.java:202) ~[paper-1.21.4.jar:1.21.4-231-09e9afd]
	at io.papermc.paper.plugin.manager.PaperPluginManagerImpl.enablePlugin(PaperPluginManagerImpl.java:109) ~[paper-1.21.4.jar:1.21.4-231-09e9afd]
	at org.bukkit.plugin.SimplePluginManager.enablePlugin(SimplePluginManager.java:520) ~[paper-api-1.21.4-R0.1-SNAPSHOT.jar:?]
	at org.bukkit.craftbukkit.CraftServer.enablePlugin(CraftServer.java:658) ~[paper-1.21.4.jar:1.21.4-231-09e9afd]
	at org.bukkit.craftbukkit.CraftServer.enablePlugins(CraftServer.java:607) ~[paper-1.21.4.jar:1.21.4-231-09e9afd]
	at org.bukkit.craftbukkit.CraftServer.reload(CraftServer.java:1151) ~[paper-1.21.4.jar:1.21.4-231-09e9afd]
	at org.bukkit.Bukkit.reload(Bukkit.java:1038) ~[paper-api-1.21.4-R0.1-SNAPSHOT.jar:?]
	at org.bukkit.command.defaults.ReloadCommand.execute(ReloadCommand.java:59) ~[paper-api-1.21.4-R0.1-SNAPSHOT.jar:?]
	at org.bukkit.command.SimpleCommandMap.dispatch(SimpleCommandMap.java:165) ~[paper-api-1.21.4-R0.1-SNAPSHOT.jar:?]
	at org.bukkit.craftbukkit.CraftServer.dispatchCommand(CraftServer.java:1018) ~[paper-1.21.4.jar:1.21.4-231-09e9afd]
	at org.bukkit.craftbukkit.CraftServer.dispatchServerCommand(CraftServer.java:1003) ~[paper-1.21.4.jar:1.21.4-231-09e9afd]
	at net.minecraft.server.dedicated.DedicatedServer.handleConsoleInputs(DedicatedServer.java:478) ~[paper-1.21.4.jar:1.21.4-231-09e9afd]
	at net.minecraft.server.dedicated.DedicatedServer.tickConnection(DedicatedServer.java:428) ~[paper-1.21.4.jar:1.21.4-231-09e9afd]
	at net.minecraft.server.MinecraftServer.tickChildren(MinecraftServer.java:1738) ~[paper-1.21.4.jar:1.21.4-231-09e9afd]
	at net.minecraft.server.MinecraftServer.tickServer(MinecraftServer.java:1529) ~[paper-1.21.4.jar:1.21.4-231-09e9afd]
	at net.minecraft.server.MinecraftServer.runServer(MinecraftServer.java:1251) ~[paper-1.21.4.jar:1.21.4-231-09e9afd]
	at net.minecraft.server.MinecraftServer.lambda$spin$2(MinecraftServer.java:310) ~[paper-1.21.4.jar:1.21.4-231-09e9afd]
	at java.base/java.lang.Thread.run(Thread.java:1583) ~[?:?]
[00:05:51] [Server thread/INFO]: [Graves] Disabling Graves v4.9
[00:05:51] [Server thread/ERROR]: Error occurred while disabling Graves v4.9
java.lang.NullPointerException: Cannot invoke "com.ranull.graves.manager.DataManager.closeConnection()" because "this.dataManager" is null
	at Graves-4.9.jar/com.ranull.graves.Graves.onDisable(Graves.java:95) ~[Graves-4.9.jar:?]
	at org.bukkit.plugin.java.JavaPlugin.setEnabled(JavaPlugin.java:286) ~[paper-api-1.21.4-R0.1-SNAPSHOT.jar:?]
	at io.papermc.paper.plugin.manager.PaperPluginInstanceManager.disablePlugin(PaperPluginInstanceManager.java:237) ~[paper-1.21.4.jar:1.21.4-231-09e9afd]
	at io.papermc.paper.plugin.manager.PaperPluginManagerImpl.disablePlugin(PaperPluginManagerImpl.java:114) ~[paper-1.21.4.jar:1.21.4-231-09e9afd]
	at org.bukkit.plugin.SimplePluginManager.disablePlugin(SimplePluginManager.java:550) ~[paper-api-1.21.4-R0.1-SNAPSHOT.jar:?]
	at io.papermc.paper.plugin.manager.PaperPluginInstanceManager.enablePlugin(PaperPluginInstanceManager.java:206) ~[paper-1.21.4.jar:1.21.4-231-09e9afd]
	at io.papermc.paper.plugin.manager.PaperPluginManagerImpl.enablePlugin(PaperPluginManagerImpl.java:109) ~[paper-1.21.4.jar:1.21.4-231-09e9afd]
	at org.bukkit.plugin.SimplePluginManager.enablePlugin(SimplePluginManager.java:520) ~[paper-api-1.21.4-R0.1-SNAPSHOT.jar:?]
	at org.bukkit.craftbukkit.CraftServer.enablePlugin(CraftServer.java:658) ~[paper-1.21.4.jar:1.21.4-231-09e9afd]
	at org.bukkit.craftbukkit.CraftServer.enablePlugins(CraftServer.java:607) ~[paper-1.21.4.jar:1.21.4-231-09e9afd]
	at org.bukkit.craftbukkit.CraftServer.reload(CraftServer.java:1151) ~[paper-1.21.4.jar:1.21.4-231-09e9afd]
	at org.bukkit.Bukkit.reload(Bukkit.java:1038) ~[paper-api-1.21.4-R0.1-SNAPSHOT.jar:?]
	at org.bukkit.command.defaults.ReloadCommand.execute(ReloadCommand.java:59) ~[paper-api-1.21.4-R0.1-SNAPSHOT.jar:?]
	at org.bukkit.command.SimpleCommandMap.dispatch(SimpleCommandMap.java:165) ~[paper-api-1.21.4-R0.1-SNAPSHOT.jar:?]
	at org.bukkit.craftbukkit.CraftServer.dispatchCommand(CraftServer.java:1018) ~[paper-1.21.4.jar:1.21.4-231-09e9afd]
	at org.bukkit.craftbukkit.CraftServer.dispatchServerCommand(CraftServer.java:1003) ~[paper-1.21.4.jar:1.21.4-231-09e9afd]
	at net.minecraft.server.dedicated.DedicatedServer.handleConsoleInputs(DedicatedServer.java:478) ~[paper-1.21.4.jar:1.21.4-231-09e9afd]
	at net.minecraft.server.dedicated.DedicatedServer.tickConnection(DedicatedServer.java:428) ~[paper-1.21.4.jar:1.21.4-231-09e9afd]
	at net.minecraft.server.MinecraftServer.tickChildren(MinecraftServer.java:1738) ~[paper-1.21.4.jar:1.21.4-231-09e9afd]
	at net.minecraft.server.MinecraftServer.tickServer(MinecraftServer.java:1529) ~[paper-1.21.4.jar:1.21.4-231-09e9afd]
	at net.minecraft.server.MinecraftServer.runServer(MinecraftServer.java:1251) ~[paper-1.21.4.jar:1.21.4-231-09e9afd]
	at net.minecraft.server.MinecraftServer.lambda$spin$2(MinecraftServer.java:310) ~[paper-1.21.4.jar:1.21.4-231-09e9afd]
	at java.base/java.lang.Thread.run(Thread.java:1583) ~[?:?]
[00:05:51] [Server thread/INFO]: [ConditionalEvents] Enabling ConditionalEvents v4.62.2
[00:05:51] [Server thread/INFO]: [ConditionalEvents] Has been enabled! Version: 4.62.2
[00:05:51] [Server thread/INFO]: [ConditionalEvents] Thanks for using my plugin!   ~Ajneb97
[00:05:51] [Server thread/INFO]: [MensajeYVida1.16] Enabling MensajeYVida1.16 v1.0
[00:05:51] [Server thread/INFO]: CONSOLE: Reload complete.
[00:05:51] [Craft Scheduler Thread - 7 - ReviveMe/INFO]: [ReviveMe] There is not a new update available.
[00:08:06] [Server thread/INFO]: CONSOLE: Are you sure you wish to reload your server? Doing so may cause bugs and memory leaks. It is recommended to restart instead of using /reload. To confirm, please type /reload confirm
[00:08:09] [Server thread/INFO]: CONSOLE: Please note that this command is not supported and may cause issues when using some plugins.
[00:08:09] [Server thread/INFO]: CONSOLE: If you encounter any issues please use the /stop command to restart your server.
[00:08:09] [Server thread/INFO]: Server Ping Player Sample Count: 12
[00:08:09] [Server thread/INFO]: Using 4 threads for Netty based IO
[00:08:09] [Server thread/INFO]: [MoonriseCommon] Paper is using 1 worker threads, 1 I/O threads
[00:08:09] [Server thread/INFO]: [ChunkTaskScheduler] Chunk system is using population gen parallelism: true
[00:08:09] [Server thread/INFO]: [MensajeYVida1.16] Disabling MensajeYVida1.16 v1.0
[00:08:09] [Server thread/INFO]: [ConditionalEvents] Disabling ConditionalEvents v4.62.2
[00:08:09] [Server thread/INFO]: [ConditionalEvents] Has been disabled! Version: 4.62.2
[00:08:09] [Server thread/INFO]: [ReviveMe] Disabling ReviveMe v0.4.4
[00:08:09] [Server thread/INFO]: ReviveMe disable
[00:08:09] [Server thread/INFO]: Loaded 1370 recipes
[00:08:09] [Server thread/INFO]: Loaded 1481 advancements
[00:08:09] [Server thread/INFO]: [PluginInitializerManager] Initializing plugins...
[00:08:09] [Paper Async Command Builder Thread Pool - 3/ERROR]: Caught previously unhandled exception :
[00:08:09] [Paper Async Command Builder Thread Pool - 3/ERROR]: Paper Async Command Builder Thread Pool - 3
java.util.ConcurrentModificationException: null
	at java.base/java.util.LinkedHashMap$LinkedHashIterator.nextNode(LinkedHashMap.java:1023) ~[?:?]
	at java.base/java.util.LinkedHashMap$LinkedEntryIterator.next(LinkedHashMap.java:1058) ~[?:?]
	at java.base/java.util.LinkedHashMap$LinkedEntryIterator.next(LinkedHashMap.java:1055) ~[?:?]
	at java.base/java.util.AbstractMap.hashCode(AbstractMap.java:527) ~[?:?]
	at com.mojang.brigadier.tree.CommandNode.hashCode(CommandNode.java:155) ~[paper-1.21.4.jar:1.21.4-231-09e9afd]
	at java.base/java.util.HashMap.hash(HashMap.java:338) ~[?:?]
	at java.base/java.util.HashMap.put(HashMap.java:618) ~[?:?]
	at net.minecraft.commands.Commands.sendAsync(Commands.java:489) ~[paper-1.21.4.jar:1.21.4-231-09e9afd]
	at net.minecraft.commands.Commands.lambda$sendCommands$6(Commands.java:471) ~[paper-1.21.4.jar:1.21.4-231-09e9afd]
	at java.base/java.util.concurrent.ThreadPoolExecutor.runWorker(ThreadPoolExecutor.java:1144) ~[?:?]
	at java.base/java.util.concurrent.ThreadPoolExecutor$Worker.run(ThreadPoolExecutor.java:642) ~[?:?]
	at java.base/java.lang.Thread.run(Thread.java:1583) ~[?:?]
[00:08:09] [Server thread/INFO]: [PluginInitializerManager] Initialized 4 plugins
[00:08:09] [Server thread/INFO]: [PluginInitializerManager] Bukkit plugins (4):
 - ConditionalEvents (4.62.2), Graves (4.9), MensajeYVida1.16 (1.0), ReviveMe (0.4.4)
[00:08:09] [Server thread/INFO]: [ReviveMe] Loading server plugin ReviveMe v0.4.4
[00:08:09] [Server thread/INFO]: [Graves] Loading server plugin Graves v4.9
[00:08:09] [Server thread/INFO]: [ConditionalEvents] Loading server plugin ConditionalEvents v4.62.2
[00:08:09] [Server thread/INFO]: [MensajeYVida1.16] Loading server plugin MensajeYVida1.16 v1.0
[00:08:09] [Server thread/INFO]: Server permissions file permissions.yml is empty, ignoring it
[00:08:09] [Server thread/INFO]: [ReviveMe] Enabling ReviveMe v0.4.4
[00:08:09] [Server thread/INFO]: ReviveMe enable
[00:08:09] [Server thread/INFO]: [Graves] Enabling Graves v4.9
[00:08:09] [Server thread/INFO]: [Graves] Integration: Hooked into MiniMessage.
[00:08:09] [Server thread/ERROR]: Error occurred while enabling Graves v4.9 (Is it up to date?)
java.lang.ArrayIndexOutOfBoundsException: Index 3 out of bounds for length 3
	at Graves-4.9.jar/com.ranull.graves.manager.VersionManager.<init>(VersionManager.java:23) ~[Graves-4.9.jar:?]
	at Graves-4.9.jar/com.ranull.graves.Graves.onEnable(Graves.java:66) ~[Graves-4.9.jar:?]
	at org.bukkit.plugin.java.JavaPlugin.setEnabled(JavaPlugin.java:280) ~[paper-api-1.21.4-R0.1-SNAPSHOT.jar:?]
	at io.papermc.paper.plugin.manager.PaperPluginInstanceManager.enablePlugin(PaperPluginInstanceManager.java:202) ~[paper-1.21.4.jar:1.21.4-231-09e9afd]
	at io.papermc.paper.plugin.manager.PaperPluginManagerImpl.enablePlugin(PaperPluginManagerImpl.java:109) ~[paper-1.21.4.jar:1.21.4-231-09e9afd]
	at org.bukkit.plugin.SimplePluginManager.enablePlugin(SimplePluginManager.java:520) ~[paper-api-1.21.4-R0.1-SNAPSHOT.jar:?]
	at org.bukkit.craftbukkit.CraftServer.enablePlugin(CraftServer.java:658) ~[paper-1.21.4.jar:1.21.4-231-09e9afd]
	at org.bukkit.craftbukkit.CraftServer.enablePlugins(CraftServer.java:607) ~[paper-1.21.4.jar:1.21.4-231-09e9afd]
	at org.bukkit.craftbukkit.CraftServer.reload(CraftServer.java:1151) ~[paper-1.21.4.jar:1.21.4-231-09e9afd]
	at org.bukkit.Bukkit.reload(Bukkit.java:1038) ~[paper-api-1.21.4-R0.1-SNAPSHOT.jar:?]
	at org.bukkit.command.defaults.ReloadCommand.execute(ReloadCommand.java:59) ~[paper-api-1.21.4-R0.1-SNAPSHOT.jar:?]
	at org.bukkit.command.SimpleCommandMap.dispatch(SimpleCommandMap.java:165) ~[paper-api-1.21.4-R0.1-SNAPSHOT.jar:?]
	at org.bukkit.craftbukkit.CraftServer.dispatchCommand(CraftServer.java:1018) ~[paper-1.21.4.jar:1.21.4-231-09e9afd]
	at org.bukkit.craftbukkit.CraftServer.dispatchServerCommand(CraftServer.java:1003) ~[paper-1.21.4.jar:1.21.4-231-09e9afd]
	at net.minecraft.server.dedicated.DedicatedServer.handleConsoleInputs(DedicatedServer.java:478) ~[paper-1.21.4.jar:1.21.4-231-09e9afd]
	at net.minecraft.server.dedicated.DedicatedServer.tickConnection(DedicatedServer.java:428) ~[paper-1.21.4.jar:1.21.4-231-09e9afd]
	at net.minecraft.server.MinecraftServer.tickChildren(MinecraftServer.java:1738) ~[paper-1.21.4.jar:1.21.4-231-09e9afd]
	at net.minecraft.server.MinecraftServer.tickServer(MinecraftServer.java:1529) ~[paper-1.21.4.jar:1.21.4-231-09e9afd]
	at net.minecraft.server.MinecraftServer.runServer(MinecraftServer.java:1251) ~[paper-1.21.4.jar:1.21.4-231-09e9afd]
	at net.minecraft.server.MinecraftServer.lambda$spin$2(MinecraftServer.java:310) ~[paper-1.21.4.jar:1.21.4-231-09e9afd]
	at java.base/java.lang.Thread.run(Thread.java:1583) ~[?:?]
[00:08:09] [Server thread/INFO]: [Graves] Disabling Graves v4.9
[00:08:09] [Server thread/ERROR]: Error occurred while disabling Graves v4.9
java.lang.NullPointerException: Cannot invoke "com.ranull.graves.manager.DataManager.closeConnection()" because "this.dataManager" is null
	at Graves-4.9.jar/com.ranull.graves.Graves.onDisable(Graves.java:95) ~[Graves-4.9.jar:?]
	at org.bukkit.plugin.java.JavaPlugin.setEnabled(JavaPlugin.java:286) ~[paper-api-1.21.4-R0.1-SNAPSHOT.jar:?]
	at io.papermc.paper.plugin.manager.PaperPluginInstanceManager.disablePlugin(PaperPluginInstanceManager.java:237) ~[paper-1.21.4.jar:1.21.4-231-09e9afd]
	at io.papermc.paper.plugin.manager.PaperPluginManagerImpl.disablePlugin(PaperPluginManagerImpl.java:114) ~[paper-1.21.4.jar:1.21.4-231-09e9afd]
	at org.bukkit.plugin.SimplePluginManager.disablePlugin(SimplePluginManager.java:550) ~[paper-api-1.21.4-R0.1-SNAPSHOT.jar:?]
	at io.papermc.paper.plugin.manager.PaperPluginInstanceManager.enablePlugin(PaperPluginInstanceManager.java:206) ~[paper-1.21.4.jar:1.21.4-231-09e9afd]
	at io.papermc.paper.plugin.manager.PaperPluginManagerImpl.enablePlugin(PaperPluginManagerImpl.java:109) ~[paper-1.21.4.jar:1.21.4-231-09e9afd]
	at org.bukkit.plugin.SimplePluginManager.enablePlugin(SimplePluginManager.java:520) ~[paper-api-1.21.4-R0.1-SNAPSHOT.jar:?]
	at org.bukkit.craftbukkit.CraftServer.enablePlugin(CraftServer.java:658) ~[paper-1.21.4.jar:1.21.4-231-09e9afd]
	at org.bukkit.craftbukkit.CraftServer.enablePlugins(CraftServer.java:607) ~[paper-1.21.4.jar:1.21.4-231-09e9afd]
	at org.bukkit.craftbukkit.CraftServer.reload(CraftServer.java:1151) ~[paper-1.21.4.jar:1.21.4-231-09e9afd]
	at org.bukkit.Bukkit.reload(Bukkit.java:1038) ~[paper-api-1.21.4-R0.1-SNAPSHOT.jar:?]
	at org.bukkit.command.defaults.ReloadCommand.execute(ReloadCommand.java:59) ~[paper-api-1.21.4-R0.1-SNAPSHOT.jar:?]
	at org.bukkit.command.SimpleCommandMap.dispatch(SimpleCommandMap.java:165) ~[paper-api-1.21.4-R0.1-SNAPSHOT.jar:?]
	at org.bukkit.craftbukkit.CraftServer.dispatchCommand(CraftServer.java:1018) ~[paper-1.21.4.jar:1.21.4-231-09e9afd]
	at org.bukkit.craftbukkit.CraftServer.dispatchServerCommand(CraftServer.java:1003) ~[paper-1.21.4.jar:1.21.4-231-09e9afd]
	at net.minecraft.server.dedicated.DedicatedServer.handleConsoleInputs(DedicatedServer.java:478) ~[paper-1.21.4.jar:1.21.4-231-09e9afd]
	at net.minecraft.server.dedicated.DedicatedServer.tickConnection(DedicatedServer.java:428) ~[paper-1.21.4.jar:1.21.4-231-09e9afd]
	at net.minecraft.server.MinecraftServer.tickChildren(MinecraftServer.java:1738) ~[paper-1.21.4.jar:1.21.4-231-09e9afd]
	at net.minecraft.server.MinecraftServer.tickServer(MinecraftServer.java:1529) ~[paper-1.21.4.jar:1.21.4-231-09e9afd]
	at net.minecraft.server.MinecraftServer.runServer(MinecraftServer.java:1251) ~[paper-1.21.4.jar:1.21.4-231-09e9afd]
	at net.minecraft.server.MinecraftServer.lambda$spin$2(MinecraftServer.java:310) ~[paper-1.21.4.jar:1.21.4-231-09e9afd]
	at java.base/java.lang.Thread.run(Thread.java:1583) ~[?:?]
[00:08:09] [Server thread/INFO]: [ConditionalEvents] Enabling ConditionalEvents v4.62.2
[00:08:09] [Server thread/INFO]: [ConditionalEvents] Has been enabled! Version: 4.62.2
[00:08:09] [Server thread/INFO]: [ConditionalEvents] Thanks for using my plugin!   ~Ajneb97
[00:08:09] [Server thread/INFO]: [MensajeYVida1.16] Enabling MensajeYVida1.16 v1.0
[00:08:09] [Server thread/INFO]: CONSOLE: Reload complete.
[00:08:09] [Craft Scheduler Thread - 22 - ReviveMe/INFO]: [ReviveMe] There is not a new update available.
[00:08:18] [Server thread/INFO]: [ConditionalEvents] Config Reloaded.
[00:08:29] [Server thread/INFO]: DudMat issued server command: /effect give DudMat minecraft:instant_damage 1 2
[00:08:29] [Server thread/INFO]: [DudMat: Applied effect Instant Damage to DudMat]
[00:08:32] [Server thread/INFO]: DudMat issued server command: /gamemode survival
[00:08:32] [Server thread/INFO]: [DudMat: Set own game mode to Survival Mode]
[00:08:33] [Server thread/INFO]: DudMat issued server command: /effect give DudMat minecraft:instant_damage 1 2
[00:08:33] [Server thread/INFO]: [DudMat: Applied effect Instant Damage to DudMat]
[00:08:35] [Server thread/INFO]: Unknown or incomplete command, see below for error
animation true 1 0 89<--[HERE]
[00:08:35] [Server thread/INFO]: Showing new actionbar title for DudMat
[00:08:40] [Server thread/INFO]: DudMat lost connection: GG
[00:08:40] [Server thread/INFO]: DudMat left the game
[00:08:40] [Server thread/INFO]: No player was found
[00:08:48] [User Authenticator #1/INFO]: UUID of player DudMat is a71ab51c-f3f5-374d-b833-729f6293ad79
[00:08:50] [Server thread/INFO]: DudMat joined the game
[00:08:50] [Server thread/INFO]: DudMat[/127.1.182.54:54665] logged in with entity id 2790 at ([world]1.5776103727793156, 65.00133597911214, -14.269781850682994)
[00:10:10] [Server thread/INFO]: DudMat issued server command: /ce reload
[00:10:18] [Server thread/INFO]: DudMat issued server command: /effect give DudMat minecraft:instant_damage 1 2
[00:10:18] [Server thread/INFO]: [DudMat: Applied effect Instant Damage to DudMat]
[00:10:19] [Server thread/INFO]: Unknown or incomplete command, see below for error
animation true 1 0 89<--[HERE]
[00:10:19] [Server thread/INFO]: Showing new actionbar title for DudMat
[00:10:58] [Server thread/INFO]: DudMat issued server command: /effect give DudMat minecraft:instant_damage 1 2
[00:10:58] [Server thread/INFO]: [DudMat: Applied effect Instant Damage to DudMat]
[00:11:00] [Server thread/INFO]: Unknown or incomplete command, see below for error
animation true 1 0 89<--[HERE]
[00:11:00] [Server thread/INFO]: Showing new actionbar title for DudMat
[00:11:03] [Server thread/WARN]: DudMat moved wrongly!
[00:11:23] [Server thread/INFO]: Unknown or incomplete command, see below for error
animation true 1 0 89<--[HERE]
[00:11:23] [Server thread/INFO]: Showing new actionbar title for DudMat
[00:11:26] [Server thread/WARN]: DudMat moved wrongly!
[00:11:43] [Server thread/INFO]: DudMat issued server command: /plugins
[00:12:04] [Server thread/INFO]: DudMat issued server command: /reload
[00:12:04] [Server thread/INFO]: DudMat: Are you sure you wish to reload your server? Doing so may cause bugs and memory leaks. It is recommended to restart instead of using /reload. To confirm, please type /reload confirm
[00:12:07] [Server thread/INFO]: DudMat issued server command: /reload confirm
[00:12:07] [Server thread/INFO]: DudMat: Please note that this command is not supported and may cause issues when using some plugins.
[00:12:07] [Server thread/INFO]: DudMat: If you encounter any issues please use the /stop command to restart your server.
[00:12:07] [Server thread/INFO]: Server Ping Player Sample Count: 12
[00:12:07] [Server thread/INFO]: Using 4 threads for Netty based IO
[00:12:07] [Server thread/INFO]: [MoonriseCommon] Paper is using 1 worker threads, 1 I/O threads
[00:12:07] [Server thread/INFO]: [ChunkTaskScheduler] Chunk system is using population gen parallelism: true
[00:12:07] [Server thread/INFO]: [MensajeYVida1.16] Disabling MensajeYVida1.16 v1.0
[00:12:07] [Server thread/INFO]: [ConditionalEvents] Disabling ConditionalEvents v4.62.2
[00:12:07] [Server thread/INFO]: [ConditionalEvents] Has been disabled! Version: 4.62.2
[00:12:07] [Server thread/INFO]: [ReviveMe] Disabling ReviveMe v0.4.4
[00:12:07] [Server thread/INFO]: ReviveMe disable
[00:12:07] [Server thread/INFO]: Loaded 1370 recipes
[00:12:07] [Server thread/INFO]: Loaded 1481 advancements
[00:12:08] [Server thread/INFO]: [PluginInitializerManager] Initializing plugins...
[00:12:08] [Server thread/INFO]: [PluginInitializerManager] Initialized 3 plugins
[00:12:08] [Server thread/INFO]: [PluginInitializerManager] Bukkit plugins (3):
 - ConditionalEvents (4.62.2), Graves (4.9), ReviveMe (0.4.4)
[00:12:08] [Server thread/INFO]: [ReviveMe] Loading server plugin ReviveMe v0.4.4
[00:12:08] [Server thread/INFO]: [Graves] Loading server plugin Graves v4.9
[00:12:08] [Server thread/INFO]: [ConditionalEvents] Loading server plugin ConditionalEvents v4.62.2
[00:12:08] [Server thread/INFO]: Server permissions file permissions.yml is empty, ignoring it
[00:12:08] [Server thread/INFO]: [ReviveMe] Enabling ReviveMe v0.4.4
[00:12:08] [Server thread/INFO]: ReviveMe enable
[00:12:08] [Server thread/INFO]: [Graves] Enabling Graves v4.9
[00:12:08] [Server thread/INFO]: [Graves] Integration: Hooked into MiniMessage.
[00:12:08] [Server thread/ERROR]: Error occurred while enabling Graves v4.9 (Is it up to date?)
java.lang.ArrayIndexOutOfBoundsException: Index 3 out of bounds for length 3
	at Graves-4.9.jar/com.ranull.graves.manager.VersionManager.<init>(VersionManager.java:23) ~[Graves-4.9.jar:?]
	at Graves-4.9.jar/com.ranull.graves.Graves.onEnable(Graves.java:66) ~[Graves-4.9.jar:?]
	at org.bukkit.plugin.java.JavaPlugin.setEnabled(JavaPlugin.java:280) ~[paper-api-1.21.4-R0.1-SNAPSHOT.jar:?]
	at io.papermc.paper.plugin.manager.PaperPluginInstanceManager.enablePlugin(PaperPluginInstanceManager.java:202) ~[paper-1.21.4.jar:1.21.4-231-09e9afd]
	at io.papermc.paper.plugin.manager.PaperPluginManagerImpl.enablePlugin(PaperPluginManagerImpl.java:109) ~[paper-1.21.4.jar:1.21.4-231-09e9afd]
	at org.bukkit.plugin.SimplePluginManager.enablePlugin(SimplePluginManager.java:520) ~[paper-api-1.21.4-R0.1-SNAPSHOT.jar:?]
	at org.bukkit.craftbukkit.CraftServer.enablePlugin(CraftServer.java:658) ~[paper-1.21.4.jar:1.21.4-231-09e9afd]
	at org.bukkit.craftbukkit.CraftServer.enablePlugins(CraftServer.java:607) ~[paper-1.21.4.jar:1.21.4-231-09e9afd]
	at org.bukkit.craftbukkit.CraftServer.reload(CraftServer.java:1151) ~[paper-1.21.4.jar:1.21.4-231-09e9afd]
	at org.bukkit.Bukkit.reload(Bukkit.java:1038) ~[paper-api-1.21.4-R0.1-SNAPSHOT.jar:?]
	at org.bukkit.command.defaults.ReloadCommand.execute(ReloadCommand.java:59) ~[paper-api-1.21.4-R0.1-SNAPSHOT.jar:?]
	at io.papermc.paper.command.brigadier.bukkit.BukkitCommandNode$BukkitBrigCommand.run(BukkitCommandNode.java:82) ~[paper-1.21.4.jar:1.21.4-231-09e9afd]
	at com.mojang.brigadier.context.ContextChain.runExecutable(ContextChain.java:73) ~[brigadier-1.3.10.jar:?]
	at net.minecraft.commands.execution.tasks.ExecuteCommand.execute(ExecuteCommand.java:30) ~[paper-1.21.4.jar:1.21.4-231-09e9afd]
	at net.minecraft.commands.execution.tasks.ExecuteCommand.execute(ExecuteCommand.java:13) ~[paper-1.21.4.jar:1.21.4-231-09e9afd]
	at net.minecraft.commands.execution.UnboundEntryAction.lambda$bind$0(UnboundEntryAction.java:8) ~[paper-1.21.4.jar:1.21.4-231-09e9afd]
	at net.minecraft.commands.execution.CommandQueueEntry.execute(CommandQueueEntry.java:5) ~[paper-1.21.4.jar:1.21.4-231-09e9afd]
	at net.minecraft.commands.execution.ExecutionContext.runCommandQueue(ExecutionContext.java:105) ~[paper-1.21.4.jar:1.21.4-231-09e9afd]
	at net.minecraft.commands.Commands.executeCommandInContext(Commands.java:450) ~[paper-1.21.4.jar:1.21.4-231-09e9afd]
	at net.minecraft.commands.Commands.performCommand(Commands.java:357) ~[paper-1.21.4.jar:1.21.4-231-09e9afd]
	at net.minecraft.commands.Commands.performCommand(Commands.java:347) ~[paper-1.21.4.jar:1.21.4-231-09e9afd]
	at net.minecraft.commands.Commands.performCommand(Commands.java:341) ~[paper-1.21.4.jar:1.21.4-231-09e9afd]
	at net.minecraft.server.network.ServerGamePacketListenerImpl.performUnsignedChatCommand(ServerGamePacketListenerImpl.java:2215) ~[paper-1.21.4.jar:1.21.4-231-09e9afd]
	at net.minecraft.server.network.ServerGamePacketListenerImpl.lambda$handleChatCommand$11(ServerGamePacketListenerImpl.java:2188) ~[paper-1.21.4.jar:1.21.4-231-09e9afd]
	at net.minecraft.server.TickTask.run(TickTask.java:18) ~[paper-1.21.4.jar:1.21.4-231-09e9afd]
	at net.minecraft.util.thread.BlockableEventLoop.doRunTask(BlockableEventLoop.java:155) ~[paper-1.21.4.jar:1.21.4-231-09e9afd]
	at net.minecraft.util.thread.ReentrantBlockableEventLoop.doRunTask(ReentrantBlockableEventLoop.java:24) ~[paper-1.21.4.jar:1.21.4-231-09e9afd]
	at net.minecraft.server.MinecraftServer.doRunTask(MinecraftServer.java:1448) ~[paper-1.21.4.jar:1.21.4-231-09e9afd]
	at net.minecraft.server.MinecraftServer.doRunTask(MinecraftServer.java:176) ~[paper-1.21.4.jar:1.21.4-231-09e9afd]
	at net.minecraft.util.thread.BlockableEventLoop.pollTask(BlockableEventLoop.java:129) ~[paper-1.21.4.jar:1.21.4-231-09e9afd]
	at net.minecraft.server.MinecraftServer.pollTaskInternal(MinecraftServer.java:1428) ~[paper-1.21.4.jar:1.21.4-231-09e9afd]
	at net.minecraft.server.MinecraftServer.pollTask(MinecraftServer.java:1422) ~[paper-1.21.4.jar:1.21.4-231-09e9afd]
	at net.minecraft.util.thread.BlockableEventLoop.managedBlock(BlockableEventLoop.java:139) ~[paper-1.21.4.jar:1.21.4-231-09e9afd]
	at net.minecraft.server.MinecraftServer.managedBlock(MinecraftServer.java:1379) ~[paper-1.21.4.jar:1.21.4-231-09e9afd]
	at net.minecraft.server.MinecraftServer.waitUntilNextTick(MinecraftServer.java:1387) ~[paper-1.21.4.jar:1.21.4-231-09e9afd]
	at net.minecraft.server.MinecraftServer.runServer(MinecraftServer.java:1264) ~[paper-1.21.4.jar:1.21.4-231-09e9afd]
	at net.minecraft.server.MinecraftServer.lambda$spin$2(MinecraftServer.java:310) ~[paper-1.21.4.jar:1.21.4-231-09e9afd]
	at java.base/java.lang.Thread.run(Thread.java:1583) ~[?:?]
[00:12:08] [Server thread/INFO]: [Graves] Disabling Graves v4.9
[00:12:08] [Server thread/ERROR]: Error occurred while disabling Graves v4.9
java.lang.NullPointerException: Cannot invoke "com.ranull.graves.manager.DataManager.closeConnection()" because "this.dataManager" is null
	at Graves-4.9.jar/com.ranull.graves.Graves.onDisable(Graves.java:95) ~[Graves-4.9.jar:?]
	at org.bukkit.plugin.java.JavaPlugin.setEnabled(JavaPlugin.java:286) ~[paper-api-1.21.4-R0.1-SNAPSHOT.jar:?]
	at io.papermc.paper.plugin.manager.PaperPluginInstanceManager.disablePlugin(PaperPluginInstanceManager.java:237) ~[paper-1.21.4.jar:1.21.4-231-09e9afd]
	at io.papermc.paper.plugin.manager.PaperPluginManagerImpl.disablePlugin(PaperPluginManagerImpl.java:114) ~[paper-1.21.4.jar:1.21.4-231-09e9afd]
	at org.bukkit.plugin.SimplePluginManager.disablePlugin(SimplePluginManager.java:550) ~[paper-api-1.21.4-R0.1-SNAPSHOT.jar:?]
	at io.papermc.paper.plugin.manager.PaperPluginInstanceManager.enablePlugin(PaperPluginInstanceManager.java:206) ~[paper-1.21.4.jar:1.21.4-231-09e9afd]
	at io.papermc.paper.plugin.manager.PaperPluginManagerImpl.enablePlugin(PaperPluginManagerImpl.java:109) ~[paper-1.21.4.jar:1.21.4-231-09e9afd]
	at org.bukkit.plugin.SimplePluginManager.enablePlugin(SimplePluginManager.java:520) ~[paper-api-1.21.4-R0.1-SNAPSHOT.jar:?]
	at org.bukkit.craftbukkit.CraftServer.enablePlugin(CraftServer.java:658) ~[paper-1.21.4.jar:1.21.4-231-09e9afd]
	at org.bukkit.craftbukkit.CraftServer.enablePlugins(CraftServer.java:607) ~[paper-1.21.4.jar:1.21.4-231-09e9afd]
	at org.bukkit.craftbukkit.CraftServer.reload(CraftServer.java:1151) ~[paper-1.21.4.jar:1.21.4-231-09e9afd]
	at org.bukkit.Bukkit.reload(Bukkit.java:1038) ~[paper-api-1.21.4-R0.1-SNAPSHOT.jar:?]
	at org.bukkit.command.defaults.ReloadCommand.execute(ReloadCommand.java:59) ~[paper-api-1.21.4-R0.1-SNAPSHOT.jar:?]
	at io.papermc.paper.command.brigadier.bukkit.BukkitCommandNode$BukkitBrigCommand.run(BukkitCommandNode.java:82) ~[paper-1.21.4.jar:1.21.4-231-09e9afd]
	at com.mojang.brigadier.context.ContextChain.runExecutable(ContextChain.java:73) ~[brigadier-1.3.10.jar:?]
	at net.minecraft.commands.execution.tasks.ExecuteCommand.execute(ExecuteCommand.java:30) ~[paper-1.21.4.jar:1.21.4-231-09e9afd]
	at net.minecraft.commands.execution.tasks.ExecuteCommand.execute(ExecuteCommand.java:13) ~[paper-1.21.4.jar:1.21.4-231-09e9afd]
	at net.minecraft.commands.execution.UnboundEntryAction.lambda$bind$0(UnboundEntryAction.java:8) ~[paper-1.21.4.jar:1.21.4-231-09e9afd]
	at net.minecraft.commands.execution.CommandQueueEntry.execute(CommandQueueEntry.java:5) ~[paper-1.21.4.jar:1.21.4-231-09e9afd]
	at net.minecraft.commands.execution.ExecutionContext.runCommandQueue(ExecutionContext.java:105) ~[paper-1.21.4.jar:1.21.4-231-09e9afd]
	at net.minecraft.commands.Commands.executeCommandInContext(Commands.java:450) ~[paper-1.21.4.jar:1.21.4-231-09e9afd]
	at net.minecraft.commands.Commands.performCommand(Commands.java:357) ~[paper-1.21.4.jar:1.21.4-231-09e9afd]
	at net.minecraft.commands.Commands.performCommand(Commands.java:347) ~[paper-1.21.4.jar:1.21.4-231-09e9afd]
	at net.minecraft.commands.Commands.performCommand(Commands.java:341) ~[paper-1.21.4.jar:1.21.4-231-09e9afd]
	at net.minecraft.server.network.ServerGamePacketListenerImpl.performUnsignedChatCommand(ServerGamePacketListenerImpl.java:2215) ~[paper-1.21.4.jar:1.21.4-231-09e9afd]
	at net.minecraft.server.network.ServerGamePacketListenerImpl.lambda$handleChatCommand$11(ServerGamePacketListenerImpl.java:2188) ~[paper-1.21.4.jar:1.21.4-231-09e9afd]
	at net.minecraft.server.TickTask.run(TickTask.java:18) ~[paper-1.21.4.jar:1.21.4-231-09e9afd]
	at net.minecraft.util.thread.BlockableEventLoop.doRunTask(BlockableEventLoop.java:155) ~[paper-1.21.4.jar:1.21.4-231-09e9afd]
	at net.minecraft.util.thread.ReentrantBlockableEventLoop.doRunTask(ReentrantBlockableEventLoop.java:24) ~[paper-1.21.4.jar:1.21.4-231-09e9afd]
	at net.minecraft.server.MinecraftServer.doRunTask(MinecraftServer.java:1448) ~[paper-1.21.4.jar:1.21.4-231-09e9afd]
	at net.minecraft.server.MinecraftServer.doRunTask(MinecraftServer.java:176) ~[paper-1.21.4.jar:1.21.4-231-09e9afd]
	at net.minecraft.util.thread.BlockableEventLoop.pollTask(BlockableEventLoop.java:129) ~[paper-1.21.4.jar:1.21.4-231-09e9afd]
	at net.minecraft.server.MinecraftServer.pollTaskInternal(MinecraftServer.java:1428) ~[paper-1.21.4.jar:1.21.4-231-09e9afd]
	at net.minecraft.server.MinecraftServer.pollTask(MinecraftServer.java:1422) ~[paper-1.21.4.jar:1.21.4-231-09e9afd]
	at net.minecraft.util.thread.BlockableEventLoop.managedBlock(BlockableEventLoop.java:139) ~[paper-1.21.4.jar:1.21.4-231-09e9afd]
	at net.minecraft.server.MinecraftServer.managedBlock(MinecraftServer.java:1379) ~[paper-1.21.4.jar:1.21.4-231-09e9afd]
	at net.minecraft.server.MinecraftServer.waitUntilNextTick(MinecraftServer.java:1387) ~[paper-1.21.4.jar:1.21.4-231-09e9afd]
	at net.minecraft.server.MinecraftServer.runServer(MinecraftServer.java:1264) ~[paper-1.21.4.jar:1.21.4-231-09e9afd]
	at net.minecraft.server.MinecraftServer.lambda$spin$2(MinecraftServer.java:310) ~[paper-1.21.4.jar:1.21.4-231-09e9afd]
	at java.base/java.lang.Thread.run(Thread.java:1583) ~[?:?]
[00:12:08] [Server thread/INFO]: [ConditionalEvents] Enabling ConditionalEvents v4.62.2
[00:12:08] [Server thread/INFO]: [ConditionalEvents] Has been enabled! Version: 4.62.2
[00:12:08] [Server thread/INFO]: [ConditionalEvents] Thanks for using my plugin!   ~Ajneb97
[00:12:08] [Server thread/INFO]: DudMat: Reload complete.
[00:12:08] [Craft Scheduler Thread - 24 - ReviveMe/INFO]: [ReviveMe] There is not a new update available.
[00:12:09] [Server thread/WARN]: DudMat moved wrongly!
[00:12:13] [Server thread/INFO]: Unknown or incomplete command, see below for error
animation true 1 0 89<--[HERE]
[00:12:13] [Server thread/INFO]: Showing new actionbar title for DudMat
[00:12:25] [Server thread/INFO]: DudMat lost connection: Disconnected
[00:12:25] [Server thread/INFO]: DudMat left the game
[00:12:29] [Server thread/INFO]: Stopping the server
[00:12:29] [Server thread/INFO]: Stopping server
[00:12:29] [Server thread/INFO]: [ConditionalEvents] Disabling ConditionalEvents v4.62.2
[00:12:29] [Server thread/INFO]: [ConditionalEvents] Has been disabled! Version: 4.62.2
[00:12:29] [Server thread/INFO]: [ReviveMe] Disabling ReviveMe v0.4.4
[00:12:29] [Server thread/INFO]: ReviveMe disable
[00:12:29] [Server thread/INFO]: Saving players
[00:12:29] [Server thread/INFO]: Saving worlds
[00:12:29] [Server thread/INFO]: Saving chunks for level 'ServerLevel[world]'/minecraft:overworld
[00:12:29] [Server thread/INFO]: [ChunkHolderManager] Waiting 60s for chunk system to halt for world 'world'
[00:12:29] [Server thread/INFO]: [ChunkHolderManager] Halted chunk system for world 'world'
[00:12:29] [Server thread/INFO]: [ChunkHolderManager] Saving all chunkholders for world 'world'
[00:12:29] [Server thread/INFO]: [ChunkHolderManager] Saved 153 block chunks, 106 entity chunks, 0 poi chunks in world 'world' in 0.24s
[00:12:29] [Server thread/INFO]: [ChunkHolderManager] Waiting 60s for chunk I/O to halt for world 'world'
[00:12:29] [Server thread/INFO]: [ChunkHolderManager] Halted I/O scheduler for world 'world'
[00:12:29] [Server thread/INFO]: Saving chunks for level 'ServerLevel[world_nether]'/minecraft:the_nether
[00:12:29] [Server thread/INFO]: [ChunkHolderManager] Waiting 60s for chunk system to halt for world 'world_nether'
[00:12:29] [Server thread/INFO]: [ChunkHolderManager] Halted chunk system for world 'world_nether'
[00:12:29] [Server thread/INFO]: [ChunkHolderManager] Saving all chunkholders for world 'world_nether'
[00:12:29] [Server thread/INFO]: [ChunkHolderManager] Saved 0 block chunks, 1 entity chunks, 0 poi chunks in world 'world_nether' in 0.00s
[00:12:29] [Server thread/INFO]: [ChunkHolderManager] Waiting 60s for chunk I/O to halt for world 'world_nether'
[00:12:29] [Server thread/INFO]: [ChunkHolderManager] Halted I/O scheduler for world 'world_nether'
[00:12:29] [Server thread/INFO]: Saving chunks for level 'ServerLevel[world_the_end]'/minecraft:the_end
[00:12:29] [Server thread/INFO]: [ChunkHolderManager] Waiting 60s for chunk system to halt for world 'world_the_end'
[00:12:29] [Server thread/INFO]: [ChunkHolderManager] Halted chunk system for world 'world_the_end'
[00:12:29] [Server thread/INFO]: [ChunkHolderManager] Saving all chunkholders for world 'world_the_end'
[00:12:29] [Server thread/INFO]: [ChunkHolderManager] Saved 0 block chunks, 10 entity chunks, 0 poi chunks in world 'world_the_end' in 0.00s
[00:12:29] [Server thread/INFO]: [ChunkHolderManager] Waiting 60s for chunk I/O to halt for world 'world_the_end'
[00:12:29] [Server thread/INFO]: [ChunkHolderManager] Halted I/O scheduler for world 'world_the_end'
[00:12:29] [Server thread/INFO]: ThreadedAnvilChunkStorage (world): All chunks are saved
[00:12:29] [Server thread/INFO]: ThreadedAnvilChunkStorage (DIM-1): All chunks are saved
[00:12:29] [Server thread/INFO]: ThreadedAnvilChunkStorage (DIM1): All chunks are saved
[00:12:29] [Server thread/INFO]: ThreadedAnvilChunkStorage: All dimensions are saved
[00:12:29] [Server thread/INFO]: Waiting for I/O tasks to complete...
[00:12:29] [Server thread/INFO]: All I/O tasks to complete
[00:12:29] [Server thread/INFO]: [MoonriseCommon] Awaiting termination of worker pool for up to 60s...
[00:12:29] [Server thread/INFO]: [MoonriseCommon] Awaiting termination of I/O pool for up to 60s...
